
> gameeducator-frontend@0.0.1 test:coverage
> vitest run --coverage


 RUN  v5.0.1 /home/user/Devops-qa-gp6/frontend
      Coverage enabled with v8


 Test Files  3 passed (3)
      Tests  7 passed (7)
   Start at  18:51:37
   Duration  1.29s (environment 64%, import 13%, transform 13%, tests 6%, worker 5%)

[34m % [39m[2mCoverage report from [22m[33mv8[39m
-------------------|---------|----------|---------|---------|-------------------
File               | % Stmts | % Branch | % Funcs | % Lines | Uncovered Line #s 
-------------------|---------|----------|---------|---------|-------------------
All files          |   77.46 |    70.49 |   70.58 |   79.71 |                   
 src               |       0 |        0 |       0 |       0 |                   
  App.vue          |       0 |        0 |       0 |       0 | 7-27              
  main.js          |       0 |      100 |     100 |       0 | 4                 
 src/api           |   71.42 |    81.25 |   44.44 |      75 |                   
  client.js        |   71.42 |    81.25 |   44.44 |      75 | 31,41-56          
 src/views         |   94.44 |    94.73 |      90 |     100 |                   
  MissoesView.vue  |     100 |       80 |     100 |     100 | 34                
  ...issaoView.vue |   88.88 |      100 |   83.33 |     100 |                   
-------------------|---------|----------|---------|---------|-------------------

=============================== Coverage summary ===============================
Statements   : 77.46% ( 55/71 )
Branches     : 70.49% ( 43/61 )
Functions    : 70.58% ( 24/34 )
Lines        : 79.71% ( 55/69 )
================================================================================
